This is pdfTeX, Version 3.14159265-2.6-1.40.20 (MiKTeX 2.9.7250 64-bit) (preloaded format=pdflatex 2020.5.15)  5 NOV 2021 19:11
entering extended mode
**./drwg_6.tex
(drwg_6.tex
LaTeX2e <2019-10-01> patch level 3

("C:\Users\Sebastien\AppData\Local\Programs\MiKTeX 2.9\tex/latex/standalone\sta
ndalone.cls"
Document Class: standalone 2018/03/26 v1.3a Class to compile TeX sub-files stan
dalone

("C:\Users\Sebastien\AppData\Local\Programs\MiKTeX 2.9\tex/latex/tools\shellesc
.sty"
Package: shellesc 2019/11/08 v1.0c unified shell escape interface for LaTeX
Package shellesc Info: Unrestricted shell escape enabled on input line 75.
)
("C:\Users\Sebastien\AppData\Local\Programs\MiKTeX 2.9\tex/generic/iftex\ifluat
ex.sty"
Package: ifluatex 2019/10/25 v1.5 ifluatex legacy package. Use iftex instead.

("C:\Users\Sebastien\AppData\Local\Programs\MiKTeX 2.9\tex/generic/iftex\iftex.
sty"
Package: iftex 2019/11/07 v1.0c TeX engine tests
))
("C:\Users\Sebastien\AppData\Local\Programs\MiKTeX 2.9\tex/latex/xkeyval\xkeyva
l.sty"
Package: xkeyval 2014/12/03 v2.7a package option processing (HA)

("C:\Users\Sebastien\AppData\Local\Programs\MiKTeX 2.9\tex/generic/xkeyval\xkey
val.tex"
("C:\Users\Sebastien\AppData\Local\Programs\MiKTeX 2.9\tex/generic/xkeyval\xkvu
tils.tex"
\XKV@toks=\toks14
\XKV@tempa@toks=\toks15

("C:\Users\Sebastien\AppData\Local\Programs\MiKTeX 2.9\tex/generic/xkeyval\keyv
al.tex"))
\XKV@depth=\count80
File: xkeyval.tex 2014/12/03 v2.7a key=value parser (HA)
))
\sa@internal=\count81
\c@sapage=\count82

("C:\Users\Sebastien\AppData\Local\Programs\MiKTeX 2.9\tex/latex/standalone\sta
ndalone.cfg"
File: standalone.cfg 2018/03/26 v1.3a Default configuration file for 'standalon
e' class
)
("C:\Users\Sebastien\AppData\Local\Programs\MiKTeX 2.9\tex/latex/base\article.c
ls"
Document Class: article 2019/10/25 v1.4k Standard LaTeX document class

("C:\Users\Sebastien\AppData\Local\Programs\MiKTeX 2.9\tex/latex/base\size10.cl
o"
File: size10.clo 2019/10/25 v1.4k Standard LaTeX file (size option)
)
\c@part=\count83
\c@section=\count84
\c@subsection=\count85
\c@subsubsection=\count86
\c@paragraph=\count87
\c@subparagraph=\count88
\c@figure=\count89
\c@table=\count90
\abovecaptionskip=\skip41
\belowcaptionskip=\skip42
\bibindent=\dimen102
)
("C:\Users\Sebastien\AppData\Local\Programs\MiKTeX 2.9\tex/latex/pgf/frontendla
yer\tikz.sty"
("C:\Users\Sebastien\AppData\Local\Programs\MiKTeX 2.9\tex/latex/pgf/basiclayer
\pgf.sty"
("C:\Users\Sebastien\AppData\Local\Programs\MiKTeX 2.9\tex/latex/pgf/utilities\
pgfrcs.sty"
("C:\Users\Sebastien\AppData\Local\Programs\MiKTeX 2.9\tex/generic/pgf/utilitie
s\pgfutil-common.tex"
\pgfutil@everybye=\toks16
\pgfutil@tempdima=\dimen103
\pgfutil@tempdimb=\dimen104

("C:\Users\Sebastien\AppData\Local\Programs\MiKTeX 2.9\tex/generic/pgf/utilitie
s\pgfutil-common-lists.tex"))
("C:\Users\Sebastien\AppData\Local\Programs\MiKTeX 2.9\tex/generic/pgf/utilitie
s\pgfutil-latex.def"
\pgfutil@abb=\box27

("C:\Users\Sebastien\AppData\Local\Programs\MiKTeX 2.9\tex/latex/ms\everyshi.st
y"
Package: everyshi 2001/05/15 v3.00 EveryShipout Package (MS)
))
("C:\Users\Sebastien\AppData\Local\Programs\MiKTeX 2.9\tex/generic/pgf/utilitie
s\pgfrcs.code.tex"
("C:\Users\Sebastien\AppData\Local\Programs\MiKTeX 2.9\tex/generic/pgf\pgf.revi
sion.tex")
Package: pgfrcs 2019/08/03 v3.1.4b (3.1.4b)
))
Package: pgf 2019/08/03 v3.1.4b (3.1.4b)

("C:\Users\Sebastien\AppData\Local\Programs\MiKTeX 2.9\tex/latex/pgf/basiclayer
\pgfcore.sty"
("C:\Users\Sebastien\AppData\Local\Programs\MiKTeX 2.9\tex/latex/graphics\graph
icx.sty"
Package: graphicx 2017/06/01 v1.1a Enhanced LaTeX Graphics (DPC,SPQR)

("C:\Users\Sebastien\AppData\Local\Programs\MiKTeX 2.9\tex/latex/graphics\graph
ics.sty"
Package: graphics 2019/11/01 v1.3d Standard LaTeX Graphics (DPC,SPQR)

("C:\Users\Sebastien\AppData\Local\Programs\MiKTeX 2.9\tex/latex/graphics\trig.
sty"
Package: trig 2016/01/03 v1.10 sin cos tan (DPC)
)
("C:\Users\Sebastien\AppData\Local\Programs\MiKTeX 2.9\tex/latex/graphics-cfg\g
raphics.cfg"
File: graphics.cfg 2016/06/04 v1.11 sample graphics configuration
)
Package graphics Info: Driver file: pdftex.def on input line 105.

("C:\Users\Sebastien\AppData\Local\Programs\MiKTeX 2.9\tex/latex/graphics-def\p
dftex.def"
File: pdftex.def 2018/01/08 v1.0l Graphics/color driver for pdftex
))
\Gin@req@height=\dimen105
\Gin@req@width=\dimen106
)
("C:\Users\Sebastien\AppData\Local\Programs\MiKTeX 2.9\tex/latex/pgf/systemlaye
r\pgfsys.sty"
("C:\Users\Sebastien\AppData\Local\Programs\MiKTeX 2.9\tex/generic/pgf/systemla
yer\pgfsys.code.tex"
Package: pgfsys 2019/08/03 v3.1.4b (3.1.4b)

("C:\Users\Sebastien\AppData\Local\Programs\MiKTeX 2.9\tex/generic/pgf/utilitie
s\pgfkeys.code.tex"
\pgfkeys@pathtoks=\toks17
\pgfkeys@temptoks=\toks18

("C:\Users\Sebastien\AppData\Local\Programs\MiKTeX 2.9\tex/generic/pgf/utilitie
s\pgfkeysfiltered.code.tex"
\pgfkeys@tmptoks=\toks19
))
\pgf@x=\dimen107
\pgf@y=\dimen108
\pgf@xa=\dimen109
\pgf@ya=\dimen110
\pgf@xb=\dimen111
\pgf@yb=\dimen112
\pgf@xc=\dimen113
\pgf@yc=\dimen114
\pgf@xd=\dimen115
\pgf@yd=\dimen116
\w@pgf@writea=\write3
\r@pgf@reada=\read1
\c@pgf@counta=\count91
\c@pgf@countb=\count92
\c@pgf@countc=\count93
\c@pgf@countd=\count94
\t@pgf@toka=\toks20
\t@pgf@tokb=\toks21
\t@pgf@tokc=\toks22
\pgf@sys@id@count=\count95

("C:\Users\Sebastien\AppData\Local\Programs\MiKTeX 2.9\tex/generic/pgf/systemla
yer\pgf.cfg"
File: pgf.cfg 2019/08/03 v3.1.4b (3.1.4b)
)
Driver file for pgf: pgfsys-pdftex.def

("C:\Users\Sebastien\AppData\Local\Programs\MiKTeX 2.9\tex/generic/pgf/systemla
yer\pgfsys-pdftex.def"
File: pgfsys-pdftex.def 2019/08/03 v3.1.4b (3.1.4b)

("C:\Users\Sebastien\AppData\Local\Programs\MiKTeX 2.9\tex/generic/pgf/systemla
yer\pgfsys-common-pdf.def"
File: pgfsys-common-pdf.def 2019/08/03 v3.1.4b (3.1.4b)
)))
("C:\Users\Sebastien\AppData\Local\Programs\MiKTeX 2.9\tex/generic/pgf/systemla
yer\pgfsyssoftpath.code.tex"
File: pgfsyssoftpath.code.tex 2019/08/03 v3.1.4b (3.1.4b)
\pgfsyssoftpath@smallbuffer@items=\count96
\pgfsyssoftpath@bigbuffer@items=\count97
)
("C:\Users\Sebastien\AppData\Local\Programs\MiKTeX 2.9\tex/generic/pgf/systemla
yer\pgfsysprotocol.code.tex"
File: pgfsysprotocol.code.tex 2019/08/03 v3.1.4b (3.1.4b)
))
("C:\Users\Sebastien\AppData\Local\Programs\MiKTeX 2.9\tex/latex/xcolor\xcolor.
sty"
Package: xcolor 2016/05/11 v2.12 LaTeX color extensions (UK)

("C:\Users\Sebastien\AppData\Local\Programs\MiKTeX 2.9\tex/latex/graphics-cfg\c
olor.cfg"
File: color.cfg 2016/01/02 v1.6 sample color configuration
)
Package xcolor Info: Driver file: pdftex.def on input line 225.
Package xcolor Info: Model `cmy' substituted by `cmy0' on input line 1348.
Package xcolor Info: Model `hsb' substituted by `rgb' on input line 1352.
Package xcolor Info: Model `RGB' extended on input line 1364.
Package xcolor Info: Model `HTML' substituted by `rgb' on input line 1366.
Package xcolor Info: Model `Hsb' substituted by `hsb' on input line 1367.
Package xcolor Info: Model `tHsb' substituted by `hsb' on input line 1368.
Package xcolor Info: Model `HSB' substituted by `hsb' on input line 1369.
Package xcolor Info: Model `Gray' substituted by `gray' on input line 1370.
Package xcolor Info: Model `wave' substituted by `hsb' on input line 1371.

("C:\Users\Sebastien\AppData\Local\Programs\MiKTeX 2.9\tex/latex/graphics\dvips
nam.def"
File: dvipsnam.def 2016/06/17 v3.0m Driver-dependent file (DPC,SPQR)
))
("C:\Users\Sebastien\AppData\Local\Programs\MiKTeX 2.9\tex/generic/pgf/basiclay
er\pgfcore.code.tex"
Package: pgfcore 2019/08/03 v3.1.4b (3.1.4b)

("C:\Users\Sebastien\AppData\Local\Programs\MiKTeX 2.9\tex/generic/pgf/math\pgf
math.code.tex"
("C:\Users\Sebastien\AppData\Local\Programs\MiKTeX 2.9\tex/generic/pgf/math\pgf
mathcalc.code.tex"
("C:\Users\Sebastien\AppData\Local\Programs\MiKTeX 2.9\tex/generic/pgf/math\pgf
mathutil.code.tex")
("C:\Users\Sebastien\AppData\Local\Programs\MiKTeX 2.9\tex/generic/pgf/math\pgf
mathparser.code.tex"
\pgfmath@dimen=\dimen117
\pgfmath@count=\count98
\pgfmath@box=\box28
\pgfmath@toks=\toks23
\pgfmath@stack@operand=\toks24
\pgfmath@stack@operation=\toks25
)
("C:\Users\Sebastien\AppData\Local\Programs\MiKTeX 2.9\tex/generic/pgf/math\pgf
mathfunctions.code.tex"
("C:\Users\Sebastien\AppData\Local\Programs\MiKTeX 2.9\tex/generic/pgf/math\pgf
mathfunctions.basic.code.tex")
("C:\Users\Sebastien\AppData\Local\Programs\MiKTeX 2.9\tex/generic/pgf/math\pgf
mathfunctions.trigonometric.code.tex")
("C:\Users\Sebastien\AppData\Local\Programs\MiKTeX 2.9\tex/generic/pgf/math\pgf
mathfunctions.random.code.tex")
("C:\Users\Sebastien\AppData\Local\Programs\MiKTeX 2.9\tex/generic/pgf/math\pgf
mathfunctions.comparison.code.tex")
("C:\Users\Sebastien\AppData\Local\Programs\MiKTeX 2.9\tex/generic/pgf/math\pgf
mathfunctions.base.code.tex")
("C:\Users\Sebastien\AppData\Local\Programs\MiKTeX 2.9\tex/generic/pgf/math\pgf
mathfunctions.round.code.tex")
("C:\Users\Sebastien\AppData\Local\Programs\MiKTeX 2.9\tex/generic/pgf/math\pgf
mathfunctions.misc.code.tex")
("C:\Users\Sebastien\AppData\Local\Programs\MiKTeX 2.9\tex/generic/pgf/math\pgf
mathfunctions.integerarithmetics.code.tex")))
("C:\Users\Sebastien\AppData\Local\Programs\MiKTeX 2.9\tex/generic/pgf/math\pgf
mathfloat.code.tex"
\c@pgfmathroundto@lastzeros=\count99
))
("C:\Users\Sebastien\AppData\Local\Programs\MiKTeX 2.9\tex/generic/pgf/math\pgf
int.code.tex")
("C:\Users\Sebastien\AppData\Local\Programs\MiKTeX 2.9\tex/generic/pgf/basiclay
er\pgfcorepoints.code.tex"
File: pgfcorepoints.code.tex 2019/08/03 v3.1.4b (3.1.4b)
\pgf@picminx=\dimen118
\pgf@picmaxx=\dimen119
\pgf@picminy=\dimen120
\pgf@picmaxy=\dimen121
\pgf@pathminx=\dimen122
\pgf@pathmaxx=\dimen123
\pgf@pathminy=\dimen124
\pgf@pathmaxy=\dimen125
\pgf@xx=\dimen126
\pgf@xy=\dimen127
\pgf@yx=\dimen128
\pgf@yy=\dimen129
\pgf@zx=\dimen130
\pgf@zy=\dimen131
)
("C:\Users\Sebastien\AppData\Local\Programs\MiKTeX 2.9\tex/generic/pgf/basiclay
er\pgfcorepathconstruct.code.tex"
File: pgfcorepathconstruct.code.tex 2019/08/03 v3.1.4b (3.1.4b)
\pgf@path@lastx=\dimen132
\pgf@path@lasty=\dimen133
)
("C:\Users\Sebastien\AppData\Local\Programs\MiKTeX 2.9\tex/generic/pgf/basiclay
er\pgfcorepathusage.code.tex"
File: pgfcorepathusage.code.tex 2019/08/03 v3.1.4b (3.1.4b)
\pgf@shorten@end@additional=\dimen134
\pgf@shorten@start@additional=\dimen135
)
("C:\Users\Sebastien\AppData\Local\Programs\MiKTeX 2.9\tex/generic/pgf/basiclay
er\pgfcorescopes.code.tex"
File: pgfcorescopes.code.tex 2019/08/03 v3.1.4b (3.1.4b)
\pgfpic=\box29
\pgf@hbox=\box30
\pgf@layerbox@main=\box31
\pgf@picture@serial@count=\count100
)
("C:\Users\Sebastien\AppData\Local\Programs\MiKTeX 2.9\tex/generic/pgf/basiclay
er\pgfcoregraphicstate.code.tex"
File: pgfcoregraphicstate.code.tex 2019/08/03 v3.1.4b (3.1.4b)
\pgflinewidth=\dimen136
)
("C:\Users\Sebastien\AppData\Local\Programs\MiKTeX 2.9\tex/generic/pgf/basiclay
er\pgfcoretransformations.code.tex"
File: pgfcoretransformations.code.tex 2019/08/03 v3.1.4b (3.1.4b)
\pgf@pt@x=\dimen137
\pgf@pt@y=\dimen138
\pgf@pt@temp=\dimen139
)
("C:\Users\Sebastien\AppData\Local\Programs\MiKTeX 2.9\tex/generic/pgf/basiclay
er\pgfcorequick.code.tex"
File: pgfcorequick.code.tex 2019/08/03 v3.1.4b (3.1.4b)
)
("C:\Users\Sebastien\AppData\Local\Programs\MiKTeX 2.9\tex/generic/pgf/basiclay
er\pgfcoreobjects.code.tex"
File: pgfcoreobjects.code.tex 2019/08/03 v3.1.4b (3.1.4b)
)
("C:\Users\Sebastien\AppData\Local\Programs\MiKTeX 2.9\tex/generic/pgf/basiclay
er\pgfcorepathprocessing.code.tex"
File: pgfcorepathprocessing.code.tex 2019/08/03 v3.1.4b (3.1.4b)
)
("C:\Users\Sebastien\AppData\Local\Programs\MiKTeX 2.9\tex/generic/pgf/basiclay
er\pgfcorearrows.code.tex"
File: pgfcorearrows.code.tex 2019/08/03 v3.1.4b (3.1.4b)
\pgfarrowsep=\dimen140
)
("C:\Users\Sebastien\AppData\Local\Programs\MiKTeX 2.9\tex/generic/pgf/basiclay
er\pgfcoreshade.code.tex"
File: pgfcoreshade.code.tex 2019/08/03 v3.1.4b (3.1.4b)
\pgf@max=\dimen141
\pgf@sys@shading@range@num=\count101
\pgf@shadingcount=\count102
)
("C:\Users\Sebastien\AppData\Local\Programs\MiKTeX 2.9\tex/generic/pgf/basiclay
er\pgfcoreimage.code.tex"
File: pgfcoreimage.code.tex 2019/08/03 v3.1.4b (3.1.4b)

("C:\Users\Sebastien\AppData\Local\Programs\MiKTeX 2.9\tex/generic/pgf/basiclay
er\pgfcoreexternal.code.tex"
File: pgfcoreexternal.code.tex 2019/08/03 v3.1.4b (3.1.4b)
\pgfexternal@startupbox=\box32
))
("C:\Users\Sebastien\AppData\Local\Programs\MiKTeX 2.9\tex/generic/pgf/basiclay
er\pgfcorelayers.code.tex"
File: pgfcorelayers.code.tex 2019/08/03 v3.1.4b (3.1.4b)
)
("C:\Users\Sebastien\AppData\Local\Programs\MiKTeX 2.9\tex/generic/pgf/basiclay
er\pgfcoretransparency.code.tex"
File: pgfcoretransparency.code.tex 2019/08/03 v3.1.4b (3.1.4b)
)
("C:\Users\Sebastien\AppData\Local\Programs\MiKTeX 2.9\tex/generic/pgf/basiclay
er\pgfcorepatterns.code.tex"
File: pgfcorepatterns.code.tex 2019/08/03 v3.1.4b (3.1.4b)
)
("C:\Users\Sebastien\AppData\Local\Programs\MiKTeX 2.9\tex/generic/pgf/basiclay
er\pgfcorerdf.code.tex"
File: pgfcorerdf.code.tex 2019/08/03 v3.1.4b (3.1.4b)
)))
("C:\Users\Sebastien\AppData\Local\Programs\MiKTeX 2.9\tex/generic/pgf/modules\
pgfmoduleshapes.code.tex"
File: pgfmoduleshapes.code.tex 2019/08/03 v3.1.4b (3.1.4b)
\pgfnodeparttextbox=\box33
)
("C:\Users\Sebastien\AppData\Local\Programs\MiKTeX 2.9\tex/generic/pgf/modules\
pgfmoduleplot.code.tex"
File: pgfmoduleplot.code.tex 2019/08/03 v3.1.4b (3.1.4b)
)
("C:\Users\Sebastien\AppData\Local\Programs\MiKTeX 2.9\tex/latex/pgf/compatibil
ity\pgfcomp-version-0-65.sty"
Package: pgfcomp-version-0-65 2019/08/03 v3.1.4b (3.1.4b)
\pgf@nodesepstart=\dimen142
\pgf@nodesepend=\dimen143
)
("C:\Users\Sebastien\AppData\Local\Programs\MiKTeX 2.9\tex/latex/pgf/compatibil
ity\pgfcomp-version-1-18.sty"
Package: pgfcomp-version-1-18 2019/08/03 v3.1.4b (3.1.4b)
))
("C:\Users\Sebastien\AppData\Local\Programs\MiKTeX 2.9\tex/latex/pgf/utilities\
pgffor.sty"
("C:\Users\Sebastien\AppData\Local\Programs\MiKTeX 2.9\tex/latex/pgf/utilities\
pgfkeys.sty"
("C:\Users\Sebastien\AppData\Local\Programs\MiKTeX 2.9\tex/generic/pgf/utilitie
s\pgfkeys.code.tex"))
("C:\Users\Sebastien\AppData\Local\Programs\MiKTeX 2.9\tex/latex/pgf/math\pgfma
th.sty"
("C:\Users\Sebastien\AppData\Local\Programs\MiKTeX 2.9\tex/generic/pgf/math\pgf
math.code.tex"))
("C:\Users\Sebastien\AppData\Local\Programs\MiKTeX 2.9\tex/generic/pgf/utilitie
s\pgffor.code.tex"
Package: pgffor 2019/08/03 v3.1.4b (3.1.4b)

("C:\Users\Sebastien\AppData\Local\Programs\MiKTeX 2.9\tex/generic/pgf/math\pgf
math.code.tex")
\pgffor@iter=\dimen144
\pgffor@skip=\dimen145
\pgffor@stack=\toks26
\pgffor@toks=\toks27
))
("C:\Users\Sebastien\AppData\Local\Programs\MiKTeX 2.9\tex/generic/pgf/frontend
layer/tikz\tikz.code.tex"
Package: tikz 2019/08/03 v3.1.4b (3.1.4b)

("C:\Users\Sebastien\AppData\Local\Programs\MiKTeX 2.9\tex/generic/pgf/librarie
s\pgflibraryplothandlers.code.tex"
File: pgflibraryplothandlers.code.tex 2019/08/03 v3.1.4b (3.1.4b)
\pgf@plot@mark@count=\count103
\pgfplotmarksize=\dimen146
)
\tikz@lastx=\dimen147
\tikz@lasty=\dimen148
\tikz@lastxsaved=\dimen149
\tikz@lastysaved=\dimen150
\tikz@lastmovetox=\dimen151
\tikz@lastmovetoy=\dimen152
\tikzleveldistance=\dimen153
\tikzsiblingdistance=\dimen154
\tikz@figbox=\box34
\tikz@figbox@bg=\box35
\tikz@tempbox=\box36
\tikz@tempbox@bg=\box37
\tikztreelevel=\count104
\tikznumberofchildren=\count105
\tikznumberofcurrentchild=\count106
\tikz@fig@count=\count107

("C:\Users\Sebastien\AppData\Local\Programs\MiKTeX 2.9\tex/generic/pgf/modules\
pgfmodulematrix.code.tex"
File: pgfmodulematrix.code.tex 2019/08/03 v3.1.4b (3.1.4b)
\pgfmatrixcurrentrow=\count108
\pgfmatrixcurrentcolumn=\count109
\pgf@matrix@numberofcolumns=\count110
)
\tikz@expandcount=\count111

("C:\Users\Sebastien\AppData\Local\Programs\MiKTeX 2.9\tex/generic/pgf/frontend
layer/tikz/libraries\tikzlibrarytopaths.code.tex"
File: tikzlibrarytopaths.code.tex 2019/08/03 v3.1.4b (3.1.4b)
)))
\sa@box=\box38
)
("C:\Users\Sebastien\AppData\Local\Programs\MiKTeX 2.9\tex/latex/amsmath\amsmat
h.sty"
Package: amsmath 2019/11/16 v2.17d AMS math features
\@mathmargin=\skip43

For additional information on amsmath, use the `?' option.

("C:\Users\Sebastien\AppData\Local\Programs\MiKTeX 2.9\tex/latex/amsmath\amstex
t.sty"
Package: amstext 2000/06/29 v2.01 AMS text

("C:\Users\Sebastien\AppData\Local\Programs\MiKTeX 2.9\tex/latex/amsmath\amsgen
.sty"
File: amsgen.sty 1999/11/30 v2.0 generic functions
\@emptytoks=\toks28
\ex@=\dimen155
))
("C:\Users\Sebastien\AppData\Local\Programs\MiKTeX 2.9\tex/latex/amsmath\amsbsy
.sty"
Package: amsbsy 1999/11/29 v1.2d Bold Symbols
\pmbraise@=\dimen156
)
("C:\Users\Sebastien\AppData\Local\Programs\MiKTeX 2.9\tex/latex/amsmath\amsopn
.sty"
Package: amsopn 2016/03/08 v2.02 operator names
)
\inf@bad=\count112
LaTeX Info: Redefining \frac on input line 227.
\uproot@=\count113
\leftroot@=\count114
LaTeX Info: Redefining \overline on input line 389.
\classnum@=\count115
\DOTSCASE@=\count116
LaTeX Info: Redefining \ldots on input line 486.
LaTeX Info: Redefining \dots on input line 489.
LaTeX Info: Redefining \cdots on input line 610.
\Mathstrutbox@=\box39
\strutbox@=\box40
\big@size=\dimen157
LaTeX Font Info:    Redeclaring font encoding OML on input line 733.
LaTeX Font Info:    Redeclaring font encoding OMS on input line 734.
\macc@depth=\count117
\c@MaxMatrixCols=\count118
\dotsspace@=\muskip10
\c@parentequation=\count119
\dspbrk@lvl=\count120
\tag@help=\toks29
\row@=\count121
\column@=\count122
\maxfields@=\count123
\andhelp@=\toks30
\eqnshift@=\dimen158
\alignsep@=\dimen159
\tagshift@=\dimen160
\tagwidth@=\dimen161
\totwidth@=\dimen162
\lineht@=\dimen163
\@envbody=\toks31
\multlinegap=\skip44
\multlinetaggap=\skip45
\mathdisplay@stack=\toks32
LaTeX Info: Redefining \[ on input line 2858.
LaTeX Info: Redefining \] on input line 2859.
) (drwg_6.aux)
\openout1 = `drwg_6.aux'.

LaTeX Font Info:    Checking defaults for OML/cmm/m/it on input line 6.
LaTeX Font Info:    ... okay on input line 6.
LaTeX Font Info:    Checking defaults for T1/cmr/m/n on input line 6.
LaTeX Font Info:    ... okay on input line 6.
LaTeX Font Info:    Checking defaults for OT1/cmr/m/n on input line 6.
LaTeX Font Info:    ... okay on input line 6.
LaTeX Font Info:    Checking defaults for OMS/cmsy/m/n on input line 6.
LaTeX Font Info:    ... okay on input line 6.
LaTeX Font Info:    Checking defaults for OMX/cmex/m/n on input line 6.
LaTeX Font Info:    ... okay on input line 6.
LaTeX Font Info:    Checking defaults for U/cmr/m/n on input line 6.
LaTeX Font Info:    ... okay on input line 6.
 ABD: EveryShipout initializing macros
("C:\Users\Sebastien\AppData\Local\Programs\MiKTeX 2.9\tex/context/base/mkii\su
pp-pdf.mkii"
[Loading MPS to PDF converter (version 2006.09.02).]
\scratchcounter=\count124
\scratchdimen=\dimen164
\scratchbox=\box41
\nofMPsegments=\count125
\nofMParguments=\count126
\everyMPshowfont=\toks33
\MPscratchCnt=\count127
\MPscratchDim=\dimen165
\MPnumerator=\count128
\makeMPintoPDFobject=\count129
\everyMPtoPDFconversion=\toks34
)
("C:\Users\Sebastien\AppData\Local\Programs\MiKTeX 2.9\tex/latex/epstopdf-pkg\e
pstopdf-base.sty"
Package: epstopdf-base 2019-12-09 v2.10 Base part for package epstopdf

("C:\Users\Sebastien\AppData\Local\Programs\MiKTeX 2.9\tex/generic/infwarerr\in
fwarerr.sty"
Package: infwarerr 2019/12/03 v1.5 Providing info/warning/error messages (HO)
)
("C:\Users\Sebastien\AppData\Local\Programs\MiKTeX 2.9\tex/latex/grfext\grfext.
sty"
Package: grfext 2019/12/03 v1.3 Manage graphics extensions (HO)

("C:\Users\Sebastien\AppData\Local\Programs\MiKTeX 2.9\tex/generic/oberdiek\kvd
efinekeys.sty"
Package: kvdefinekeys 2016/05/16 v1.4 Define keys (HO)

("C:\Users\Sebastien\AppData\Local\Programs\MiKTeX 2.9\tex/generic/oberdiek\ltx
cmds.sty"
Package: ltxcmds 2016/05/16 v1.23 LaTeX kernel commands for general use (HO)
)))
("C:\Users\Sebastien\AppData\Local\Programs\MiKTeX 2.9\tex/latex/kvoptions\kvop
tions.sty"
Package: kvoptions 2019/11/29 v3.13 Key value format for package options (HO)

("C:\Users\Sebastien\AppData\Local\Programs\MiKTeX 2.9\tex/generic/oberdiek\kvs
etkeys.sty"
Package: kvsetkeys 2016/05/16 v1.17 Key value parser (HO)

("C:\Users\Sebastien\AppData\Local\Programs\MiKTeX 2.9\tex/generic/oberdiek\ete
xcmds.sty"
Package: etexcmds 2016/05/16 v1.6 Avoid name clashes with e-TeX commands (HO)
)))
("C:\Users\Sebastien\AppData\Local\Programs\MiKTeX 2.9\tex/latex/pdftexcmds\pdf
texcmds.sty"
Package: pdftexcmds 2019/11/24 v0.31 Utility functions of pdfTeX for LuaTeX (HO
)
Package pdftexcmds Info: \pdf@primitive is available.
Package pdftexcmds Info: \pdf@ifprimitive is available.
Package pdftexcmds Info: \pdfdraftmode found.
)
Package epstopdf-base Info: Redefining graphics rule for `.eps' on input line 4
85.
Package grfext Info: Graphics extension search list:
(grfext)             [.pdf,.png,.jpg,.mps,.jpeg,.jbig2,.jb2,.PDF,.PNG,.JPG,.JPE
G,.JBIG2,.JB2,.eps]
(grfext)             \AppendGraphicsExtensions on input line 504.
) [1

{C:/Users/Sebastien/AppData/Local/MiKTeX/2.9/pdftex/config/pdftex.map}] (drwg_6
.aux) ) 
Here is how much of TeX's memory you used:
 12963 strings out of 492449
 262600 string characters out of 3118125
 256300342 words of memory out of 259000000
 17085 multiletter control sequences out of 15000+200000
 4094 words of font info for 16 fonts, out of 3000000 for 9000
 1141 hyphenation exceptions out of 8191
 68i,8n,60p,394b,581s stack positions out of 5000i,500n,10000p,200000b,50000s
<C:/Users/Sebastien/AppData/Local/Programs/MiKTeX 2.9/fonts/type1/public
/amsfonts/cm/cmmi10.pfb><C:/Users/Sebastien/AppData/Local/Programs/MiKTeX 2.9/f
onts/type1/public/amsfonts/cm/cmmi5.pfb><C:/Users/Sebastien/AppData/Local/Progr
ams/MiKTeX 2.9/fonts/type1/public/amsfonts/cm/cmmi7.pfb><C:/Users/Sebastien/App
Data/Local/Programs/MiKTeX 2.9/fonts/type1/public/amsfonts/cm/cmr10.pfb><C:/Use
rs/Sebastien/AppData/Local/Programs/MiKTeX 2.9/fonts/type1/public/amsfonts/cm/c
mr5.pfb><C:/Users/Sebastien/AppData/Local/Programs/MiKTeX 2.9/fonts/type1/publi
c/amsfonts/cm/cmr7.pfb><C:/Users/Sebastien/AppData/Local/Programs/MiKTeX 2.9/fo
nts/type1/public/amsfonts/cm/cmsy7.pfb>
Output written on drwg_6.pdf (1 page, 62561 bytes).
PDF statistics:
 37 PDF objects out of 1000 (max. 8388607)
 0 named destinations out of 1000 (max. 500000)
 13 words of extra memory for PDF output out of 10000 (max. 10000000)

